Hmm ... looks like a package
Converting parsed Rd's to LaTeX 
Creating pdf output from LaTeX ...
Error in texi2dvi(file = file, pdf = TRUE, clean = clean, quiet = quiet,  : 
  Running 'texi2dvi' on 'Rd2.tex' failed.
Messages:
/opt/R/arm64/bin/texi2dvi: makeindex failed
Output:
This is pdfTeX, Version 3.141592653-2.6-1.40.26 (TeX Live 2024) (preloaded format=pdflatex)
 restricted \write18 enabled.
entering extended mode
LaTeX2e <2024-11-01>
L3 programming layer <2024-11-02>
(./Rd2.tex
(/Users/xinjinli/Library/TinyTeX/texmf-dist/tex/latex/base/book.cls
Document Class: book 2024/06/29 v1.4n Standard LaTeX document class
(/Users/xinjinli/Library/TinyTeX/texmf-dist/tex/latex/base/bk10.clo)) (/Library/Frameworks/R.framework/Resources/share/texmf/tex/latex/Rd.sty (/Users/xinjinli/Library/TinyTeX/texmf-dist/tex/latex/base/ifthen.sty) (/Users/xinjinli/Library/TinyTeX/texmf-dist/tex/latex/tools/longtable.sty) (/Users/xinjinli/Library/TinyTeX/texmf-dist/tex/latex/tools/bm.sty) (/Users/xinjinli/Library/TinyTeX/texmf-dist/tex/latex/base/alltt.sty) (/Users/xinjinli/Library/TinyTeX/texmf-dist/tex/latex/tools/verbatim.sty) (/Users/xinjinli/Library/TinyTeX/texmf-dist/tex/latex/url/url.sty) (/Users/xinjinli/Library/TinyTeX/texmf-dist/tex/latex/base/textcomp.sty) (/Users/xinjinli/Library/TinyTeX/texmf-dist/tex/latex/amsmath/amsmath.sty
For additional information on amsmath, use the `?' option.
(/Users/xinjinli/Library/TinyTeX/texmf-dist/tex/latex/amsmath/amstext.sty (/Users/xinjinli/Library/TinyTeX/texmf-dist/tex/latex/amsmath/amsgen.sty)) (/Users/xinjinli/Library/TinyTeX/texmf-dist/tex/latex/amsmath/amsbsy.sty) (/Users/xinjinli/Library/TinyTeX/texmf-dist/tex/latex/amsmath/amsopn.sty)) (/Users/xinjinli/Library/TinyTeX/texmf-dist/tex/latex/amsfonts/amsfonts.sty) (/Users/xinjinli/Library/TinyTeX/texmf-dist/tex/latex/amsfonts/amssymb.sty) (/Users/xinjinli/Library/TinyTeX/texmf-dist/tex/latex/amsfonts/eucal.sty) (/Users/xinjinli/Library/TinyTeX/texmf-dist/tex/generic/iftex/iftex.sty) (/Users/xinjinli/Library/TinyTeX/texmf-dist/tex/latex/base/fontenc.sty) (/Users/xinjinli/Library/TinyTeX/texmf-dist/tex/latex/psnfss/times.sty) (/Users/xinjinli/Library/TinyTeX/texmf-dist/tex/latex/inconsolata/zi4.sty `inconsolata-zi4' v1.12, 2019/05/17 Text macros for Inconsolata (msharpe) (/Users/xinjinli/Library/TinyTeX/texmf-dist/tex/latex/xkeyval/xkeyval.sty (/Users/xinjinli/Library/TinyTeX/texmf-dist/tex/generic/xkeyval/xkeyval.tex (/Users/xinjinli/Library/TinyTeX/texmf-dist/tex/generic/xkeyval/xkvutils.tex (/Users/xinjinli/Library/TinyTeX/texmf-dist/tex/generic/xkeyval/keyval.tex))))) (/Users/xinjinli/Library/TinyTeX/texmf-dist/tex/latex/graphics/color.sty (/Users/xinjinli/Library/TinyTeX/texmf-dist/tex/latex/graphics-cfg/color.cfg) (/Users/xinjinli/Library/TinyTeX/texmf-dist/tex/latex/graphics-def/pdftex.def) (/Users/xinjinli/Library/TinyTeX/texmf-dist/tex/latex/graphics/mathcolor.ltx)) (/Users/xinjinli/Library/TinyTeX/texmf-dist/tex/latex/hyperref/hyperref.sty (/Users/xinjinli/Library/TinyTeX/texmf-dist/tex/latex/kvsetkeys/kvsetkeys.sty) (/Users/xinjinli/Library/TinyTeX/texmf-dist/tex/generic/kvdefinekeys/kvdefinekeys.sty) (/Users/xinjinli/Library/TinyTeX/texmf-dist/tex/generic/pdfescape/pdfescape.sty (/Users/xinjinli/Library/TinyTeX/texmf-dist/tex/generic/ltxcmds/ltxcmds.sty) (/Users/xinjinli/Library/TinyTeX/texmf-dist/tex/generic/pdftexcmds/pdftexcmds.sty (/Users/xinjinli/Library/TinyTeX/texmf-dist/tex/generic/infwarerr/infwarerr.sty))) (/Users/xinjinli/Library/TinyTeX/texmf-dist/tex/latex/hycolor/hycolor.sty) (/Users/xinjinli/Library/TinyTeX/texmf-dist/tex/latex/hyperref/nameref.sty (/Users/xinjinli/Library/TinyTeX/texmf-dist/tex/latex/refcount/refcount.sty) (/Users/xinjinli/Library/TinyTeX/texmf-dist/tex/generic/gettitlestring/gettitlestring.sty (/Users/xinjinli/Library/TinyTeX/texmf-dist/tex/latex/kvoptions/kvoptions.sty))) (/Users/xinjinli/Library/TinyTeX/texmf-dist/tex/latex/etoolbox/etoolbox.sty) (/Users/xinjinli/Library/TinyTeX/texmf-dist/tex/generic/stringenc/stringenc.sty) (/Users/xinjinli/Library/TinyTeX/texmf-dist/tex/latex/hyperref/pd1enc.def) (/Users/xinjinli/Library/TinyTeX/texmf-dist/tex/generic/intcalc/intcalc.sty) (/Users/xinjinli/Library/TinyTeX/texmf-dist/tex/latex/hyperref/puenc.def) (/Users/xinjinli/Library/TinyTeX/texmf-dist/tex/generic/bitset/bitset.sty (/Users/xinjinli/Library/TinyTeX/texmf-dist/tex/generic/bigintcalc/bigintcalc.sty)) (/Users/xinjinli/Library/TinyTeX/texmf-dist/tex/latex/base/atbegshi-ltx.sty)) (/Users/xinjinli/Library/TinyTeX/texmf-dist/tex/latex/hyperref/hpdftex.def (/Users/xinjinli/Library/TinyTeX/texmf-dist/tex/latex/base/atveryend-ltx.sty) (/Users/xinjinli/Library/TinyTeX/texmf-dist/tex/latex/rerunfilecheck/rerunfilecheck.sty (/Users/xinjinli/Library/TinyTeX/texmf-dist/tex/generic/uniquecounter/uniquecounter.sty)))) (/Users/xinjinli/Library/TinyTeX/texmf-dist/tex/latex/base/makeidx.sty) (/Users/xinjinli/Library/TinyTeX/texmf-dist/tex/latex/base/inputenc.sty)
Writing index file Rd2.idx
(/Users/xinjinli/Library/TinyTeX/texmf-dist/tex/latex/psnfss/t1ptm.fd) (/Users/xinjinli/Library/TinyTeX/texmf-dist/tex/latex/l3backend/l3backend-pdftex.def) (/private/var/folders/2x/7qv0s52j78qgnfcjcn6x0n_r0000gn/T/RtmpLDOo4v/Rd2pdfba9738876f79/Rd2.aux) (/private/var/folders/2x/7qv0s52j78qgnfcjcn6x0n_r0000gn/T/RtmpLDOo4v/Rd2pdfba9738876f79/Rd2.out) (/private/var/folders/2x/7qv0s52j78qgnfcjcn6x0n_r0000gn/T/RtmpLDOo4v/Rd2pdfba9738876f79/Rd2.out) (/Users/xinjinli/Library/TinyTeX/texmf-dist/tex/latex/inconsolata/t1zi4.fd) (/Users/xinjinli/Library/TinyTeX/texmf-dist/tex/latex/psnfss/t1phv.fd) (/private/var/folders/2x/7qv0s52j78qgnfcjcn6x0n_r0000gn/T/RtmpLDOo4v/Rd2pdfba9738876f79/Rd2.toc (/Users/xinjinli/Library/TinyTeX/texmf-dist/tex/latex/amsfonts/umsa.fd) (/Users/xinjinli/Library/TinyTeX/texmf-dist/tex/latex/amsfonts/umsb.fd))
Overfull \hbox (3.34589pt too wide) in paragraph at lines 43--46
\T1/ptm/m/n/10 func-tion cal-cu-lates co-ef-fi-cients, resid-u-als, var-i-ous statis-tics in-clud-ing R-squared, ad-justed R-squared,

[1{/Users/xinjinli/Library/TinyTeX/texmf-var/fonts/map/pdftex/updmap/pdftex.map}{/Users/xinjinli/Library/TinyTeX/texmf-dist/fonts/enc/dvips/base/8r.enc}{/Users/xinjinli/Library/TinyTeX/texmf-dist/fonts/enc/dvips/inconsolata/i4-t1-0.enc}]
Overfull \hbox (1.27547pt too wide) in paragraph at lines 64--67
[]\T1/ptm/m/n/10 A list con-tain-ing model co-ef-fi-cients, stan-dard er-rors, t-statistics, p-values, sigma squared, R-squared,

[2]
[3]
[4]
No file Rd2.ind.

[5] (/private/var/folders/2x/7qv0s52j78qgnfcjcn6x0n_r0000gn/T/RtmpLDOo4v/Rd2pdfba9738876f79/Rd2.aux) )
(see the transcript file for additional information)</Users/xinjinli/Library/TinyTeX/texmf-dist/fonts/type1/public/inconsolata/Inconsolata-zi4r.pfb></Users/xinjinli/Library/TinyTeX/texmf-dist/fonts/type1/urw/helvetic/uhvr8a.pfb></Users/xinjinli/Library/TinyTeX/texmf-dist/fonts/type1/urw/times/utmb8a.pfb></Users/xinjinli/Library/TinyTeX/texmf-dist/fonts/type1/urw/times/utmr8a.pfb></Users/xinjinli/Library/TinyTeX/texmf-dist/fonts/type1/urw/times/utmr8a.pfb></Users/xinjinli/Library/TinyTeX/texmf-dist/fonts/type1/urw/times/utmri8a.pfb>
Output written on Rd2.pdf (5 pages, 81564 bytes).
Transcript written on Rd2.log.
/opt/R/arm64/bin/texi2dvi: line 366: makeindex: command not found

This is pdfTeX, Version 3.141592653-2.6-1.40.26 (TeX Live 2024) (preloaded format=pdflatex)
 restricted \write18 enabled.
entering extended mode
LaTeX2e <2024-11-01>
L3 programming layer <2024-11-02>
(./Rd2.tex
(/Users/xinjinli/Library/TinyTeX/texmf-dist/tex/latex/base/book.cls
Document Class: book 2024/06/29 v1.4n Standard LaTeX document class
(/Users/xinjinli/Library/TinyTeX/texmf-dist/tex/latex/base/bk10.clo)) (/Library/Frameworks/R.framework/Resources/share/texmf/tex/latex/Rd.sty (/Users/xinjinli/Library/TinyTeX/texmf-dist/tex/latex/base/ifthen.sty) (/Users/xinjinli/Library/TinyTeX/texmf-dist/tex/latex/tools/longtable.sty) (/Users/xinjinli/Library/TinyTeX/texmf-dist/tex/latex/tools/bm.sty) (/Users/xinjinli/Library/TinyTeX/texmf-dist/tex/latex/base/alltt.sty) (/Users/xinjinli/Library/TinyTeX/texmf-dist/tex/latex/tools/verbatim.sty) (/Users/xinjinli/Library/TinyTeX/texmf-dist/tex/latex/url/url.sty) (/Users/xinjinli/Library/TinyTeX/texmf-dist/tex/latex/base/textcomp.sty) (/Users/xinjinli/Library/TinyTeX/texmf-dist/tex/latex/amsmath/amsmath.sty
For additional information on amsmath, use the `?' option.
(/Users/xinjinli/Library/TinyTeX/texmf-dist/tex/latex/amsmath/amstext.sty (/Users/xinjinli/Library/TinyTeX/texmf-dist/tex/latex/amsmath/amsgen.sty)) (/Users/xinjinli/Library/TinyTeX/texmf-dist/tex/latex/amsmath/amsbsy.sty) (/Users/xinjinli/Library/TinyTeX/texmf-dist/tex/latex/amsmath/amsopn.sty)) (/Users/xinjinli/Library/TinyTeX/texmf-dist/tex/latex/amsfonts/amsfonts.sty) (/Users/xinjinli/Library/TinyTeX/texmf-dist/tex/latex/amsfonts/amssymb.sty) (/Users/xinjinli/Library/TinyTeX/texmf-dist/tex/latex/amsfonts/eucal.sty) (/Users/xinjinli/Library/TinyTeX/texmf-dist/tex/generic/iftex/iftex.sty) (/Users/xinjinli/Library/TinyTeX/texmf-dist/tex/latex/base/fontenc.sty) (/Users/xinjinli/Library/TinyTeX/texmf-dist/tex/latex/psnfss/times.sty) (/Users/xinjinli/Library/TinyTeX/texmf-dist/tex/latex/inconsolata/zi4.sty `inconsolata-zi4' v1.12, 2019/05/17 Text macros for Inconsolata (msharpe) (/Users/xinjinli/Library/TinyTeX/texmf-dist/tex/latex/xkeyval/xkeyval.sty (/Users/xinjinli/Library/TinyTeX/texmf-dist/tex/generic/xkeyval/xkeyval.tex (/Users/xinjinli/Library/TinyTeX/texmf-dist/tex/generic/xkeyval/xkvutils.tex (/Users/xinjinli/Library/TinyTeX/texmf-dist/tex/generic/xkeyval/keyval.tex))))) (/Users/xinjinli/Library/TinyTeX/texmf-dist/tex/latex/graphics/color.sty (/Users/xinjinli/Library/TinyTeX/texmf-dist/tex/latex/graphics-cfg/color.cfg) (/Users/xinjinli/Library/TinyTeX/texmf-dist/tex/latex/graphics-def/pdftex.def) (/Users/xinjinli/Library/TinyTeX/texmf-dist/tex/latex/graphics/mathcolor.ltx)) (/Users/xinjinli/Library/TinyTeX/texmf-dist/tex/latex/hyperref/hyperref.sty (/Users/xinjinli/Library/TinyTeX/texmf-dist/tex/latex/kvsetkeys/kvsetkeys.sty) (/Users/xinjinli/Library/TinyTeX/texmf-dist/tex/generic/kvdefinekeys/kvdefinekeys.sty) (/Users/xinjinli/Library/TinyTeX/texmf-dist/tex/generic/pdfescape/pdfescape.sty (/Users/xinjinli/Library/TinyTeX/texmf-dist/tex/generic/ltxcmds/ltxcmds.sty) (/Users/xinjinli/Library/TinyTeX/texmf-dist/tex/generic/pdftexcmds/pdftexcmds.sty (/Users/xinjinli/Library/TinyTeX/texmf-dist/tex/generic/infwarerr/infwarerr.sty))) (/Users/xinjinli/Library/TinyTeX/texmf-dist/tex/latex/hycolor/hycolor.sty) (/Users/xinjinli/Library/TinyTeX/texmf-dist/tex/latex/hyperref/nameref.sty (/Users/xinjinli/Library/TinyTeX/texmf-dist/tex/latex/refcount/refcount.sty) (/Users/xinjinli/Library/TinyTeX/texmf-dist/tex/generic/gettitlestring/gettitlestring.sty (/Users/xinjinli/Library/TinyTeX/texmf-dist/tex/latex/kvoptions/kvoptions.sty))) (/Users/xinjinli/Library/TinyTeX/texmf-dist/tex/latex/etoolbox/etoolbox.sty) (/Users/xinjinli/Library/TinyTeX/texmf-dist/tex/generic/stringenc/stringenc.sty) (/Users/xinjinli/Library/TinyTeX/texmf-dist/tex/latex/hyperref/pd1enc.def) (/Users/xinjinli/Library/TinyTeX/texmf-dist/tex/generic/intcalc/intcalc.sty) (/Users/xinjinli/Library/TinyTeX/texmf-dist/tex/latex/hyperref/puenc.def) (/Users/xinjinli/Library/TinyTeX/texmf-dist/tex/generic/bitset/bitset.sty (/Users/xinjinli/Library/TinyTeX/texmf-dist/tex/generic/bigintcalc/bigintcalc.sty)) (/Users/xinjinli/Library/TinyTeX/texmf-dist/tex/latex/base/atbegshi-ltx.sty)) (/Users/xinjinli/Library/TinyTeX/texmf-dist/tex/latex/hyperref/hpdftex.def (/Users/xinjinli/Library/TinyTeX/texmf-dist/tex/latex/base/atveryend-ltx.sty) (/Users/xinjinli/Library/TinyTeX/texmf-dist/tex/latex/rerunfilecheck/rerunfilecheck.sty (/Users/xinjinli/Library/TinyTeX/texmf-dist/tex/generic/uniquecounter/uniquecounter.sty)))) (/Users/xinjinli/Library/TinyTeX/texmf-dist/tex/latex/base/makeidx.sty) (/Users/xinjinli/Library/TinyTeX/texmf-dist/tex/latex/base/inputenc.sty)
Writing index file Rd2.idx
(/Users/xinjinli/Library/TinyTeX/texmf-dist/tex/latex/psnfss/t1ptm.fd) (/Users/xinjinli/Library/TinyTeX/texmf-dist/tex/latex/l3backend/l3backend-pdftex.def) (/private/var/folders/2x/7qv0s52j78qgnfcjcn6x0n_r0000gn/T/RtmpLDOo4v/Rd2pdfba9738876f79/Rd2.aux) (/private/var/folders/2x/7qv0s52j78qgnfcjcn6x0n_r0000gn/T/RtmpLDOo4v/Rd2pdfba9738876f79/Rd2.out) (/private/var/folders/2x/7qv0s52j78qgnfcjcn6x0n_r0000gn/T/RtmpLDOo4v/Rd2pdfba9738876f79/Rd2.out) (/Users/xinjinli/Library/TinyTeX/texmf-dist/tex/latex/inconsolata/t1zi4.fd) (/Users/xinjinli/Library/TinyTeX/texmf-dist/tex/latex/psnfss/t1phv.fd) (/private/var/folders/2x/7qv0s52j78qgnfcjcn6x0n_r0000gn/T/RtmpLDOo4v/Rd2pdfba9738876f79/Rd2.toc (/Users/xinjinli/Library/TinyTeX/texmf-dist/tex/latex/amsfonts/umsa.fd) (/Users/xinjinli/Library/TinyTeX/texmf-dist/tex/latex/amsfonts/umsb.fd))
Overfull \hbox (3.34589pt too wide) in paragraph at lines 43--46
\T1/ptm/m/n/10 func-tion cal-cu-lates co-ef-fi-cients, resid-u-als, var-i-ous statis-tics in-clud-ing R-squared, ad-justed R-squared,

[1{/Users/xinjinli/Library/TinyTeX/texmf-var/fonts/map/pdftex/updmap/pdftex.map}{/Users/xinjinli/Library/TinyTeX/texmf-dist/fonts/enc/dvips/base/8r.enc}{/Users/xinjinli/Library/TinyTeX/texmf-dist/fonts/enc/dvips/inconsolata/i4-t1-0.enc}]
Overfull \hbox (1.27547pt too wide) in paragraph at lines 64--67
[]\T1/ptm/m/n/10 A list con-tain-ing model co-ef-fi-cients, stan-dard er-rors, t-statistics, p-values, sigma squared, R-squared,

[2]
[3]
[4]
No file Rd2.ind.

[5] (/private/var/folders/2x/7qv0s52j78qgnfcjcn6x0n_r0000gn/T/RtmpLDOo4v/Rd2pdfba9738876f79/Rd2.aux) )
(see the transcript file for additional information)</Users/xinjinli/Library/TinyTeX/texmf-dist/fonts/type1/public/inconsolata/Inconsolata-zi4r.pfb></Users/xinjinli/Library/TinyTeX/texmf-dist/fonts/type1/urw/helvetic/uhvr8a.pfb></Users/xinjinli/Library/TinyTeX/texmf-dist/fonts/type1/urw/times/utmb8a.pfb></Users/xinjinli/Library/TinyTeX/texmf-dist/fonts/type1/urw/times/utmr8a.pfb></Users/xinjinli/Library/TinyTeX/texmf-dist/fonts/type1/urw/times/utmr8a.pfb></Users/xinjinli/Library/TinyTeX/texmf-dist/fonts/type1/urw/times/utmri8a.pfb>
Output written on Rd2.pdf (5 pages, 81561 bytes).
Transcript written on Rd2.log.
Saving output to ‘linearReg-manual.pdf’ ...
Done
You may want to clean up by 'rm -Rf /var/folders/2x/7qv0s52j78qgnfcjcn6x0n_r0000gn/T//RtmpLDOo4v/Rd2pdfba9738876f79'
